#
# There is insufficient memory for the Java Runtime Environment to continue.
# Native memory allocation (mmap) failed to map 11534336 bytes. Error detail: G1 virtual space
# Possible reasons:
#   The system is out of physical RAM or swap space
#   This process is running with CompressedOops enabled, and the Java Heap may be blocking the growth of the native heap
# Possible solutions:
#   Reduce memory load on the system
#   Increase physical memory or swap space
#   Check if swap backing store is full
#   Decrease Java heap size (-Xmx/-Xms)
#   Decrease number of Java threads
#   Decrease Java thread stack sizes (-Xss)
#   Set larger code cache with -XX:ReservedCodeCacheSize=
#   JVM is running with Unscaled Compressed Oops mode in which the Java heap is
#     placed in the first 4GB address space. The Java Heap base address is the
#     maximum limit for the native heap growth. Please use -XX:HeapBaseMinAddress
#     to set the Java Heap base and to place the Java Heap above 4GB virtual address.
# This output file may be truncated or incomplete.
#
#  Out of Memory Error (os_windows.cpp:3707), pid=20096, tid=1788
#
# JRE version: Java(TM) SE Runtime Environment (23.0.2+7) (build 23.0.2+7-58)
# Java VM: Java HotSpot(TM) 64-Bit Server VM (23.0.2+7-58, mixed mode, emulated-client, sharing, tiered, compressed oops, compressed class ptrs, g1 gc, windows-amd64)
# No core dump will be written. Minidumps are not enabled by default on client versions of Windows
#

---------------  S U M M A R Y ------------

Command Line: -XX:TieredStopAtLevel=1 -Dspring.output.ansi.enabled=always -Dcom.sun.management.jmxremote -Dspring.jmx.enabled=true -Dspring.liveBeansView.mbeanDomain -Dspring.application.admin.enabled=true -Dmanagement.endpoints.jmx.exposure.include=* -javaagent:C:\Program Files\JetBrains\IntelliJ IDEA 2024.3.7\lib\idea_rt.jar=54466 -Dfile.encoding=UTF-8 -Dsun.stdout.encoding=UTF-8 -Dsun.stderr.encoding=UTF-8 org.example.datn_sd69.DatnSd69Application

Host: Intel(R) Core(TM) i5-8265U CPU @ 1.60GHz, 8 cores, 7G,  Windows 11 , 64 bit Build 26100 (10.0.26100.8521)
Time: Thu Jul  2 10:06:14 2026 SE Asia Standard Time elapsed time: 24.526588 seconds (0d 0h 0m 24s)

---------------  T H R E A D  ---------------

Current thread (0x000001d4a1c2df50):  VMThread "VM Thread"          [id=1788, stack(0x000000bf2b300000,0x000000bf2b400000) (1024K)]

Stack: [0x000000bf2b300000,0x000000bf2b400000]
Native frames: (J=compiled Java code, j=interpreted, Vv=VM code, C=native code)
V  [jvm.dll+0x6e0b99]  (no source info available)
V  [jvm.dll+0x87e2b3]  (no source info available)
V  [jvm.dll+0x88073e]  (no source info available)
V  [jvm.dll+0x880e13]  (no source info available)
V  [jvm.dll+0x27b006]  (no source info available)
V  [jvm.dll+0x6dd485]  (no source info available)
V  [jvm.dll+0x6d127a]  (no source info available)
V  [jvm.dll+0x35b50a]  (no source info available)
V  [jvm.dll+0x363916]  (no source info available)
V  [jvm.dll+0x34fe7e]  (no source info available)
V  [jvm.dll+0x350118]  (no source info available)
V  [jvm.dll+0x328aec]  (no source info available)
V  [jvm.dll+0x328b7a]  (no source info available)
V  [jvm.dll+0x374db2]  (no source info available)
V  [jvm.dll+0x3734b2]  (no source info available)
V  [jvm.dll+0x3282c7]  (no source info available)
V  [jvm.dll+0x372c64]  (no source info available)
V  [jvm.dll+0x886d50]  (no source info available)
V  [jvm.dll+0x888077]  (no source info available)
V  [jvm.dll+0x8885a8]  (no source info available)
V  [jvm.dll+0x888843]  (no source info available)
V  [jvm.dll+0x8254cb]  (no source info available)
V  [jvm.dll+0x6df345]  (no source info available)
C  [ucrtbase.dll+0x2cd30]  (no source info available)
C  [KERNEL32.DLL+0x2e957]  (no source info available)
C  [ntdll.dll+0x87c1c]  (no source info available)

VM_Operation (0x000000bf2cef98d0): G1CollectForAllocation, mode: safepoint, requested by thread 0x000001d4e801d8b0


---------------  P R O C E S S  ---------------

Threads class SMR info:
_java_thread_list=0x000001d4eaaf30c0, length=24, elements={
0x000001d48ee576f0, 0x000001d4a1c4b380, 0x000001d4a1c4eb10, 0x000001d4a1c50290,
0x000001d4a1c50cf0, 0x000001d4a1c52470, 0x000001d4a1c538d0, 0x000001d4a1c54460,
0x000001d4e70bbd20, 0x000001d4e70ccd70, 0x000001d4e75d82d0, 0x000001d4e75d9160,
0x000001d4e794e730, 0x000001d4e79505b0, 0x000001d4e795c4c0, 0x000001d4e79bb600,
0x000001d4e79e1790, 0x000001d4e813e520, 0x000001d4e801d8b0, 0x000001d4e82c7120,
0x000001d4e82c6a90, 0x000001d4e82c84d0, 0x000001d4e92f9f90, 0x000001d4e9fe6e90
}

Java Threads: ( => current thread )
  0x000001d48ee576f0 JavaThread "main"                              [_thread_blocked, id=15084, stack(0x000000bf2ac00000,0x000000bf2ad00000) (1024K)]
  0x000001d4a1c4b380 JavaThread "Reference Handler"          daemon [_thread_blocked, id=21516, stack(0x000000bf2b400000,0x000000bf2b500000) (1024K)]
  0x000001d4a1c4eb10 JavaThread "Finalizer"                  daemon [_thread_blocked, id=11332, stack(0x000000bf2b500000,0x000000bf2b600000) (1024K)]
  0x000001d4a1c50290 JavaThread "Signal Dispatcher"          daemon [_thread_blocked, id=9512, stack(0x000000bf2b600000,0x000000bf2b700000) (1024K)]
  0x000001d4a1c50cf0 JavaThread "Attach Listener"            daemon [_thread_blocked, id=6264, stack(0x000000bf2b700000,0x000000bf2b800000) (1024K)]
  0x000001d4a1c52470 JavaThread "Service Thread"             daemon [_thread_blocked, id=22412, stack(0x000000bf2b800000,0x000000bf2b900000) (1024K)]
  0x000001d4a1c538d0 JavaThread "Monitor Deflation Thread"   daemon [_thread_blocked, id=12980, stack(0x000000bf2b900000,0x000000bf2ba00000) (1024K)]
  0x000001d4a1c54460 JavaThread "C1 CompilerThread0"         daemon [_thread_blocked, id=20288, stack(0x000000bf2ba00000,0x000000bf2bb00000) (1024K)]
  0x000001d4e70bbd20 JavaThread "Common-Cleaner"             daemon [_thread_blocked, id=20932, stack(0x000000bf2bb00000,0x000000bf2bc00000) (1024K)]
  0x000001d4e70ccd70 JavaThread "C1 CompilerThread1"         daemon [_thread_blocked, id=22100, stack(0x000000bf2bc00000,0x000000bf2bd00000) (1024K)]
  0x000001d4e75d82d0 JavaThread "Monitor Ctrl-Break"         daemon [_thread_in_native, id=10212, stack(0x000000bf2bf00000,0x000000bf2c000000) (1024K)]
  0x000001d4e75d9160 JavaThread "Notification Thread"        daemon [_thread_blocked, id=17884, stack(0x000000bf2c000000,0x000000bf2c100000) (1024K)]
  0x000001d4e794e730 JavaThread "RMI TCP Accept-0"           daemon [_thread_in_native, id=6680, stack(0x000000bf2c100000,0x000000bf2c200000) (1024K)]
  0x000001d4e79505b0 JavaThread "RMI TCP Connection(1)-192.168.1.7" daemon [_thread_blocked, id=5444, stack(0x000000bf2c200000,0x000000bf2c300000) (1024K)]
  0x000001d4e795c4c0 JavaThread "RMI TCP Connection(2)-192.168.1.7" daemon [_thread_blocked, id=8452, stack(0x000000bf2c300000,0x000000bf2c400000) (1024K)]
  0x000001d4e79bb600 JavaThread "RMI Scheduler(0)"           daemon [_thread_blocked, id=18604, stack(0x000000bf2c500000,0x000000bf2c600000) (1024K)]
  0x000001d4e79e1790 JavaThread "JMX server connection timeout 28" daemon [_thread_blocked, id=2312, stack(0x000000bf2c600000,0x000000bf2c700000) (1024K)]
  0x000001d4e813e520 JavaThread "Thread-0"                          [_thread_blocked, id=23952, stack(0x000000bf2cd00000,0x000000bf2ce00000) (1024K)]
  0x000001d4e801d8b0 JavaThread "restartedMain"                     [_thread_blocked, id=20240, stack(0x000000bf2ce00000,0x000000bf2cf00000) (1024K)]
  0x000001d4e82c7120 JavaThread "mssql-jdbc-shared-timer-core-0" daemon [_thread_blocked, id=20000, stack(0x000000bf2d100000,0x000000bf2d200000) (1024K)]
  0x000001d4e82c6a90 JavaThread "HikariPool-1:housekeeper"   daemon [_thread_blocked, id=6352, stack(0x000000bf2d200000,0x000000bf2d300000) (1024K)]
  0x000001d4e82c84d0 JavaThread "HikariPool-1:connection-adder" daemon [_thread_blocked, id=23128, stack(0x000000bf2d300000,0x000000bf2d400000) (1024K)]
  0x000001d4e92f9f90 JavaThread "C1 CompilerThread2"         daemon [_thread_blocked, id=22416, stack(0x000000bf2bd00000,0x000000bf2be00000) (1024K)]
  0x000001d4e9fe6e90 JavaThread "C1 CompilerThread3"         daemon [_thread_blocked, id=21028, stack(0x000000bf2be00000,0x000000bf2bf00000) (1024K)]
Total: 24

Other Threads:
=>0x000001d4a1c2df50 VMThread "VM Thread"                           [id=1788, stack(0x000000bf2b300000,0x000000bf2b400000) (1024K)]
  0x000001d4a1c1dde0 WatcherThread "VM Periodic Task Thread"        [id=4448, stack(0x000000bf2b200000,0x000000bf2b300000) (1024K)]
  0x000001d4910d6b90 WorkerThread "GC Thread#0"                     [id=10456, stack(0x000000bf2ad00000,0x000000bf2ae00000) (1024K)]
  0x000001d4e7a8c4f0 WorkerThread "GC Thread#1"                     [id=13108, stack(0x000000bf2c400000,0x000000bf2c500000) (1024K)]
  0x000001d4e7aad380 WorkerThread "GC Thread#2"                     [id=22160, stack(0x000000bf2c700000,0x000000bf2c800000) (1024K)]
  0x000001d4e7adbf80 WorkerThread "GC Thread#3"                     [id=1532, stack(0x000000bf2c800000,0x000000bf2c900000) (1024K)]
  0x000001d4e7adc330 WorkerThread "GC Thread#4"                     [id=11016, stack(0x000000bf2c900000,0x000000bf2ca00000) (1024K)]
  0x000001d4e7adc6e0 WorkerThread "GC Thread#5"                     [id=21024, stack(0x000000bf2ca00000,0x000000bf2cb00000) (1024K)]
  0x000001d4e7add2a0 WorkerThread "GC Thread#6"                     [id=22980, stack(0x000000bf2cb00000,0x000000bf2cc00000) (1024K)]
  0x000001d4e7adeab0 WorkerThread "GC Thread#7"                     [id=20048, stack(0x000000bf2cc00000,0x000000bf2cd00000) (1024K)]
  0x000001d4910ecbe0 ConcurrentGCThread "G1 Main Marker"            [id=6052, stack(0x000000bf2ae00000,0x000000bf2af00000) (1024K)]
  0x000001d4910ee480 WorkerThread "G1 Conc#0"                       [id=22752, stack(0x000000bf2af00000,0x000000bf2b000000) (1024K)]
  0x000001d4e8ae8470 WorkerThread "G1 Conc#1"                       [id=19200, stack(0x000000bf2d000000,0x000000bf2d100000) (1024K)]
  0x000001d4a1af31f0 ConcurrentGCThread "G1 Refine#0"               [id=11668, stack(0x000000bf2b000000,0x000000bf2b100000) (1024K)]
  0x000001d4a1af3a20 ConcurrentGCThread "G1 Service"                [id=5668, stack(0x000000bf2b100000,0x000000bf2b200000) (1024K)]
Total: 15

Threads with active compile tasks:
Total: 0

VM state: at safepoint (normal execution)

VM Mutex/Monitor currently owned by a thread:  ([mutex/lock_event])
[0x00007ff988134888] Threads_lock - owner thread: 0x000001d4a1c2df50
[0x00007ff988134988] Heap_lock - owner thread: 0x000001d4e801d8b0

Heap address: 0x0000000082e00000, size: 2002 MB, Compressed Oops mode: 32-bit

CDS archive(s) mapped at: [0x000001d4a2000000-0x000001d4a2d70000-0x000001d4a2d70000), size 14090240, SharedBaseAddress: 0x000001d4a2000000, ArchiveRelocationMode: 1.
Compressed class space mapped at: 0x000001d4a3000000-0x000001d4e3000000, reserved size: 1073741824
Narrow klass base: 0x000001d4a2000000, Narrow klass shift: 0, Narrow klass range: 0x41000000

GC Precious Log:
 CardTable entry size: 512
 Card Set container configuration: InlinePtr #cards 5 size 8 Array Of Cards #cards 10 size 36 Howl #buckets 4 coarsen threshold 1843 Howl Bitmap #cards 512 size 80 coarsen threshold 460 Card regions per heap region 1 cards per card region 2048
 CPUs: 8 total, 8 available
 Memory: 8006M
 Large Page Support: Disabled
 NUMA Support: Disabled
 Compressed Oops: Enabled (32-bit)
 Heap Region Size: 1M
 Heap Min Capacity: 8M
 Heap Initial Capacity: 126M
 Heap Max Capacity: 2002M
 Pre-touch: Disabled
 Parallel Workers: 8
 Concurrent Workers: 2
 Concurrent Refinement Workers: 8
 Periodic GC: Disabled

Heap:
 garbage-first heap   total reserved 2050048K, committed 56320K, used 35190K [0x0000000082e00000, 0x0000000100000000)
  region size 1024K, 3 young (3072K), 3 survivors (3072K)
 Metaspace       used 72707K, committed 73408K, reserved 1114112K
  class space    used 10582K, committed 10880K, reserved 1048576K

Heap Regions: E=young(eden), S=young(survivor), O=old, HS=humongous(starts), HC=humongous(continues), CS=collection set, F=free, TAMS=top-at-mark-start, PB=parsable bottom
|   0|0x0000000082e00000, 0x0000000082f00000, 0x0000000082f00000|100%|HS|  |TAMS 0x0000000082f00000| PB 0x0000000082e00000| Complete |  0
|   1|0x0000000082f00000, 0x0000000083000000, 0x0000000083000000|100%|HS|  |TAMS 0x0000000083000000| PB 0x0000000082f00000| Complete |  0
|   2|0x0000000083000000, 0x0000000083100000, 0x0000000083100000|100%| O|  |TAMS 0x0000000083100000| PB 0x0000000083000000| Untracked |  0
|   3|0x0000000083100000, 0x0000000083200000, 0x0000000083200000|100%| O|  |TAMS 0x0000000083200000| PB 0x0000000083100000| Untracked |  0
|   4|0x0000000083200000, 0x0000000083300000, 0x0000000083300000|100%| O|  |TAMS 0x0000000083300000| PB 0x0000000083200000| Untracked |  0
|   5|0x0000000083300000, 0x0000000083400000, 0x0000000083400000|100%| O|  |TAMS 0x0000000083400000| PB 0x0000000083300000| Untracked |  0
|   6|0x0000000083400000, 0x0000000083500000, 0x0000000083500000|100%| O|  |TAMS 0x0000000083500000| PB 0x0000000083400000| Untracked |  0
|   7|0x0000000083500000, 0x0000000083600000, 0x0000000083600000|100%| O|  |TAMS 0x0000000083600000| PB 0x0000000083500000| Untracked |  0
|   8|0x0000000083600000, 0x0000000083700000, 0x0000000083700000|100%| O|  |TAMS 0x0000000083700000| PB 0x0000000083600000| Untracked |  0
|   9|0x0000000083700000, 0x0000000083800000, 0x0000000083800000|100%| O|  |TAMS 0x0000000083800000| PB 0x0000000083700000| Untracked |  0
|  10|0x0000000083800000, 0x0000000083900000, 0x0000000083900000|100%| O|  |TAMS 0x0000000083900000| PB 0x0000000083800000| Untracked |  0
|  11|0x0000000083900000, 0x0000000083a00000, 0x0000000083a00000|100%| O|  |TAMS 0x0000000083a00000| PB 0x0000000083900000| Untracked |  0
|  12|0x0000000083a00000, 0x0000000083b00000, 0x0000000083b00000|100%| O|  |TAMS 0x0000000083b00000| PB 0x0000000083a00000| Untracked |  0
|  13|0x0000000083b00000, 0x0000000083c00000, 0x0000000083c00000|100%| O|  |TAMS 0x0000000083c00000| PB 0x0000000083b00000| Untracked |  0
|  14|0x0000000083c00000, 0x0000000083d00000, 0x0000000083d00000|100%| O|  |TAMS 0x0000000083d00000| PB 0x0000000083c00000| Untracked |  0
|  15|0x0000000083d00000, 0x0000000083e00000, 0x0000000083e00000|100%| O|  |TAMS 0x0000000083dbd980| PB 0x0000000083d00000| Untracked |  0
|  16|0x0000000083e00000, 0x0000000083f00000, 0x0000000083f00000|100%| O|  |TAMS 0x0000000083f00000| PB 0x0000000083e00000| Untracked |  0
|  17|0x0000000083f00000, 0x0000000084000000, 0x0000000084000000|100%| O|  |TAMS 0x0000000084000000| PB 0x0000000083f00000| Untracked |  0
|  18|0x0000000084000000, 0x0000000084100000, 0x0000000084100000|100%| O|  |TAMS 0x0000000084100000| PB 0x0000000084000000| Untracked |  0
|  19|0x0000000084100000, 0x0000000084200000, 0x0000000084200000|100%| O|  |TAMS 0x0000000084200000| PB 0x0000000084100000| Untracked |  0
|  20|0x0000000084200000, 0x0000000084300000, 0x0000000084300000|100%| O|  |TAMS 0x0000000084300000| PB 0x0000000084200000| Untracked |  0
|  21|0x0000000084300000, 0x0000000084400000, 0x0000000084400000|100%| O|  |TAMS 0x0000000084400000| PB 0x0000000084300000| Untracked |  0
|  22|0x0000000084400000, 0x0000000084500000, 0x0000000084500000|100%| O|  |TAMS 0x0000000084500000| PB 0x0000000084400000| Untracked |  0
|  23|0x0000000084500000, 0x0000000084600000, 0x0000000084600000|100%| O|  |TAMS 0x0000000084600000| PB 0x0000000084500000| Untracked |  0
|  24|0x0000000084600000, 0x0000000084700000, 0x0000000084700000|100%| O|  |TAMS 0x0000000084700000| PB 0x0000000084600000| Untracked |  0
|  25|0x0000000084700000, 0x0000000084800000, 0x0000000084800000|100%| O|  |TAMS 0x0000000084800000| PB 0x0000000084700000| Untracked |  0
|  26|0x0000000084800000, 0x00000000848c2740, 0x0000000084900000| 75%| O|  |TAMS 0x0000000084800000| PB 0x0000000084800000| Untracked |  0
|  27|0x0000000084900000, 0x0000000084a00000, 0x0000000084a00000|100%| O|  |TAMS 0x0000000084a00000| PB 0x0000000084900000| Untracked |  0
|  28|0x0000000084a00000, 0x0000000084b00000, 0x0000000084b00000|100%| O|  |TAMS 0x0000000084b00000| PB 0x0000000084a00000| Untracked |  0
|  29|0x0000000084b00000, 0x0000000084c00000, 0x0000000084c00000|100%| O|  |TAMS 0x0000000084c00000| PB 0x0000000084b00000| Untracked |  0
|  30|0x0000000084c00000, 0x0000000084d00000, 0x0000000084d00000|100%| O|  |TAMS 0x0000000084d00000| PB 0x0000000084c00000| Untracked |  0
|  31|0x0000000084d00000, 0x0000000084e00000, 0x0000000084e00000|100%| O|  |TAMS 0x0000000084e00000| PB 0x0000000084d00000| Untracked |  0
|  32|0x0000000084e00000, 0x0000000084e00000, 0x0000000084f00000|  0%| F|  |TAMS 0x0000000084e00000| PB 0x0000000084e00000| Untracked |  0
|  33|0x0000000084f00000, 0x0000000084f00000, 0x0000000085000000|  0%| F|  |TAMS 0x0000000084f00000| PB 0x0000000084f00000| Untracked |  0
|  34|0x0000000085000000, 0x0000000085000000, 0x0000000085100000|  0%| F|  |TAMS 0x0000000085000000| PB 0x0000000085000000| Untracked |  0
|  35|0x0000000085100000, 0x0000000085100000, 0x0000000085200000|  0%| F|  |TAMS 0x0000000085100000| PB 0x0000000085100000| Untracked |  0
|  36|0x0000000085200000, 0x0000000085200000, 0x0000000085300000|  0%| F|  |TAMS 0x0000000085200000| PB 0x0000000085200000| Untracked |  0
|  37|0x0000000085300000, 0x0000000085300000, 0x0000000085400000|  0%| F|  |TAMS 0x0000000085300000| PB 0x0000000085300000| Untracked |  0
|  38|0x0000000085400000, 0x000000008549b2a8, 0x0000000085500000| 60%| S|CS|TAMS 0x0000000085400000| PB 0x0000000085400000| Complete |  0
|  39|0x0000000085500000, 0x0000000085600000, 0x0000000085600000|100%| S|CS|TAMS 0x0000000085500000| PB 0x0000000085500000| Complete |  0
|  40|0x0000000085600000, 0x0000000085700000, 0x0000000085700000|100%| S|CS|TAMS 0x0000000085600000| PB 0x0000000085600000| Complete |  0
|  41|0x0000000085700000, 0x0000000085700000, 0x0000000085800000|  0%| F|  |TAMS 0x0000000085700000| PB 0x0000000085700000| Untracked |  0
|  42|0x0000000085800000, 0x0000000085800000, 0x0000000085900000|  0%| F|  |TAMS 0x0000000085800000| PB 0x0000000085800000| Untracked |  0
|  43|0x0000000085900000, 0x0000000085900000, 0x0000000085a00000|  0%| F|  |TAMS 0x0000000085900000| PB 0x0000000085900000| Untracked |  0
|  44|0x0000000085a00000, 0x0000000085a00000, 0x0000000085b00000|  0%| F|  |TAMS 0x0000000085a00000| PB 0x0000000085a00000| Untracked |  0
|  45|0x0000000085b00000, 0x0000000085b00000, 0x0000000085c00000|  0%| F|  |TAMS 0x0000000085b00000| PB 0x0000000085b00000| Untracked |  0
|  46|0x0000000085c00000, 0x0000000085c00000, 0x0000000085d00000|  0%| F|  |TAMS 0x0000000085c00000| PB 0x0000000085c00000| Untracked |  0
|  47|0x0000000085d00000, 0x0000000085d00000, 0x0000000085e00000|  0%| F|  |TAMS 0x0000000085d00000| PB 0x0000000085d00000| Untracked |  0
|  67|0x0000000087100000, 0x0000000087100000, 0x0000000087200000|  0%| F|  |TAMS 0x0000000087100000| PB 0x0000000087100000| Untracked |  0
|  68|0x0000000087200000, 0x0000000087200000, 0x0000000087300000|  0%| F|  |TAMS 0x0000000087200000| PB 0x0000000087200000| Untracked |  0
|  69|0x0000000087300000, 0x0000000087300000, 0x0000000087400000|  0%| F|  |TAMS 0x0000000087300000| PB 0x0000000087300000| Untracked |  0
|  70|0x0000000087400000, 0x0000000087400000, 0x0000000087500000|  0%| F|  |TAMS 0x0000000087400000| PB 0x0000000087400000| Untracked |  0
|  71|0x0000000087500000, 0x0000000087500000, 0x0000000087600000|  0%| F|  |TAMS 0x0000000087500000| PB 0x0000000087500000| Untracked |  0
| 124|0x000000008aa00000, 0x000000008aa00000, 0x000000008ab00000|  0%| F|  |TAMS 0x000000008aa00000| PB 0x000000008aa00000| Untracked |  0
| 125|0x000000008ab00000, 0x000000008ab00000, 0x000000008ac00000|  0%| F|  |TAMS 0x000000008ab00000| PB 0x000000008ab00000| Untracked |  0

Card table byte_map: [0x000001d49ced0000,0x000001d49d2c0000] _byte_map_base: 0x000001d49cab9000

Marking Bits: (CMBitMap*) 0x000001d4910d89d0
 Bits: [0x000001d49d2c0000, 0x000001d49f208000)

Polling page: 0x000001d48ef40000

Metaspace:

Usage:
  Non-class:     60.67 MB used.
      Class:     10.33 MB used.
       Both:     71.00 MB used.

Virtual space:
  Non-class space:       64.00 MB reserved,      61.06 MB ( 95%) committed,  1 nodes.
      Class space:        1.00 GB reserved,      10.62 MB (  1%) committed,  1 nodes.
             Both:        1.06 GB reserved,      71.69 MB (  7%) committed. 

Chunk freelists:
   Non-Class:  2.22 MB
       Class:  5.39 MB
        Both:  7.61 MB

MaxMetaspaceSize: unlimited
CompressedClassSpaceSize: 1.00 GB
Initial GC threshold: 21.00 MB
Current GC threshold: 111.06 MB
CDS: on
 - commit_granule_bytes: 65536.
 - commit_granule_words: 8192.
 - virtual_space_node_default_size: 8388608.
 - enlarge_chunks_in_place: 1.
 - use_allocation_guard: 0.


Internal statistics:

num_allocs_failed_limit: 6.
num_arena_births: 970.
num_arena_deaths: 50.
num_vsnodes_births: 2.
num_vsnodes_deaths: 0.
num_space_committed: 1147.
num_space_uncommitted: 0.
num_chunks_returned_to_freelist: 61.
num_chunks_taken_from_freelist: 3436.
num_chunk_merges: 12.
num_chunk_splits: 2500.
num_chunks_enlarged: 1971.
num_inconsistent_stats: 0.

CodeCache: size=49152Kb used=12658Kb max_used=12658Kb free=36493Kb
 bounds [0x000001d4997b0000, 0x000001d49a410000, 0x000001d49c7b0000]
 total_blobs=8728, nmethods=7956, adapters=693, full_count=0
Compilation: enabled, stopped_count=0, restarted_count=0

Compilation events (20 events):
Event: 24.455 Thread 0x000001d4e9fe6e90 nmethod 8052 0x000001d49a409c08 code [0x000001d49a409d60, 0x000001d49a409f48]
Event: 24.455 Thread 0x000001d4e92f9f90 nmethod 8053 0x000001d49a409f88 code [0x000001d49a40a0a0, 0x000001d49a40a198]
Event: 24.456 Thread 0x000001d4e92f9f90 8054       1       org.springframework.util.ConcurrentLruCache::get (65 bytes)
Event: 24.456 Thread 0x000001d4a1c54460 8055       1       org.springframework.data.util.Lazy::get (21 bytes)
Event: 24.456 Thread 0x000001d4e92f9f90 nmethod 8054 0x000001d49a40a288 code [0x000001d49a40a420, 0x000001d49a40a7a0]
Event: 24.456 Thread 0x000001d4a1c54460 nmethod 8055 0x000001d49a40a808 code [0x000001d49a40a940, 0x000001d49a40ab68]
Event: 24.457 Thread 0x000001d4e9fe6e90 8056       1       java.util.HashMap$KeySpliterator::tryAdvance (138 bytes)
Event: 24.457 Thread 0x000001d4e9fe6e90 nmethod 8056 0x000001d49a40ac08 code [0x000001d49a40ad80, 0x000001d49a40b1a8]
Event: 24.458 Thread 0x000001d4e9fe6e90 8057       1       org.hibernate.metamodel.model.domain.internal.JpaMetamodelImpl$$Lambda/0x000001d4a3a8d2f8::test (12 bytes)
Event: 24.458 Thread 0x000001d4e9fe6e90 nmethod 8057 0x000001d49a40b208 code [0x000001d49a40b320, 0x000001d49a40b460]
Event: 24.459 Thread 0x000001d4e9fe6e90 8058       1       org.springframework.data.mapping.model.AnnotationBasedPersistentProperty::doFindAnnotation (40 bytes)
Event: 24.459 Thread 0x000001d4e92f9f90 8059       1       org.hibernate.metamodel.model.domain.internal.JpaMetamodelImpl$$Lambda/0x000001d4a3a8d550::apply (8 bytes)
Event: 24.459 Thread 0x000001d4e70ccd70 8060       1       org.hibernate.metamodel.model.domain.internal.JpaMetamodelImpl::lambda$getEntities$0 (5 bytes)
Event: 24.459 Thread 0x000001d4e70ccd70 nmethod 8060 0x000001d49a40b508 code [0x000001d49a40b620, 0x000001d49a40b720]
Event: 24.459 Thread 0x000001d4e92f9f90 nmethod 8059 0x000001d49a40b808 code [0x000001d49a40b920, 0x000001d49a40ba98]
Event: 24.459 Thread 0x000001d4e9fe6e90 nmethod 8058 0x000001d49a40bb08 code [0x000001d49a40bc60, 0x000001d49a40bf10]
Event: 24.462 Thread 0x000001d4e9fe6e90 8061       1       org.springframework.data.util.Optionals::toStream (26 bytes)
Event: 24.463 Thread 0x000001d4e9fe6e90 nmethod 8061 0x000001d49a40bf88 code [0x000001d49a40c120, 0x000001d49a40c720]
Event: 24.484 Thread 0x000001d4e9fe6e90 8062       1       org.hibernate.metamodel.model.domain.internal.SingularAttributeImpl::isId (5 bytes)
Event: 24.484 Thread 0x000001d4e9fe6e90 nmethod 8062 0x000001d49a40c808 code [0x000001d49a40c920, 0x000001d49a40c9f0]

GC Heap History (20 events):
Event: 16.281 GC heap after
{Heap after GC invocations=12 (full 0):
 garbage-first heap   total reserved 2050048K, committed 55296K, used 27781K [0x0000000082e00000, 0x0000000100000000)
  region size 1024K, 2 young (2048K), 2 survivors (2048K)
 Metaspace       used 42043K, committed 42752K, reserved 1114112K
  class space    used 6105K, committed 6400K, reserved 1048576K
}
Event: 17.162 GC heap before
{Heap before GC invocations=12 (full 0):
 garbage-first heap   total reserved 2050048K, committed 55296K, used 48261K [0x0000000082e00000, 0x0000000100000000)
  region size 1024K, 22 young (22528K), 2 survivors (2048K)
 Metaspace       used 45308K, committed 45952K, reserved 1114112K
  class space    used 6712K, committed 6976K, reserved 1048576K
}
Event: 17.167 GC heap after
{Heap after GC invocations=13 (full 0):
 garbage-first heap   total reserved 2050048K, committed 55296K, used 28806K [0x0000000082e00000, 0x0000000100000000)
  region size 1024K, 3 young (3072K), 3 survivors (3072K)
 Metaspace       used 45308K, committed 45952K, reserved 1114112K
  class space    used 6712K, committed 6976K, reserved 1048576K
}
Event: 19.226 GC heap before
{Heap before GC invocations=14 (full 0):
 garbage-first heap   total reserved 2050048K, committed 55296K, used 46214K [0x0000000082e00000, 0x0000000100000000)
  region size 1024K, 21 young (21504K), 3 survivors (3072K)
 Metaspace       used 52264K, committed 52928K, reserved 1114112K
  class space    used 7528K, committed 7808K, reserved 1048576K
}
Event: 19.235 GC heap after
{Heap after GC invocations=15 (full 0):
 garbage-first heap   total reserved 2050048K, committed 55296K, used 30442K [0x0000000082e00000, 0x0000000100000000)
  region size 1024K, 3 young (3072K), 3 survivors (3072K)
 Metaspace       used 52264K, committed 52928K, reserved 1114112K
  class space    used 7528K, committed 7808K, reserved 1048576K
}
Event: 20.089 GC heap before
{Heap before GC invocations=15 (full 0):
 garbage-first heap   total reserved 2050048K, committed 55296K, used 46826K [0x0000000082e00000, 0x0000000100000000)
  region size 1024K, 20 young (20480K), 3 survivors (3072K)
 Metaspace       used 55375K, committed 56064K, reserved 1114112K
  class space    used 7933K, committed 8256K, reserved 1048576K
}
Event: 20.098 GC heap after
{Heap after GC invocations=16 (full 0):
 garbage-first heap   total reserved 2050048K, committed 55296K, used 31341K [0x0000000082e00000, 0x0000000100000000)
  region size 1024K, 2 young (2048K), 2 survivors (2048K)
 Metaspace       used 55375K, committed 56064K, reserved 1114112K
  class space    used 7933K, committed 8256K, reserved 1048576K
}
Event: 20.768 GC heap before
{Heap before GC invocations=16 (full 0):
 garbage-first heap   total reserved 2050048K, committed 55296K, used 47725K [0x0000000082e00000, 0x0000000100000000)
  region size 1024K, 18 young (18432K), 2 survivors (2048K)
 Metaspace       used 59210K, committed 59904K, reserved 1114112K
  class space    used 8386K, committed 8704K, reserved 1048576K
}
Event: 20.772 GC heap after
{Heap after GC invocations=17 (full 0):
 garbage-first heap   total reserved 2050048K, committed 55296K, used 31836K [0x0000000082e00000, 0x0000000100000000)
  region size 1024K, 2 young (2048K), 2 survivors (2048K)
 Metaspace       used 59210K, committed 59904K, reserved 1114112K
  class space    used 8386K, committed 8704K, reserved 1048576K
}
Event: 21.431 GC heap before
{Heap before GC invocations=18 (full 0):
 garbage-first heap   total reserved 2050048K, committed 55296K, used 47196K [0x0000000082e00000, 0x0000000100000000)
  region size 1024K, 18 young (18432K), 2 survivors (2048K)
 Metaspace       used 61828K, committed 62528K, reserved 1114112K
  class space    used 8758K, committed 9024K, reserved 1048576K
}
Event: 21.437 GC heap after
{Heap after GC invocations=19 (full 0):
 garbage-first heap   total reserved 2050048K, committed 55296K, used 32535K [0x0000000082e00000, 0x0000000100000000)
  region size 1024K, 2 young (2048K), 2 survivors (2048K)
 Metaspace       used 61828K, committed 62528K, reserved 1114112K
  class space    used 8758K, committed 9024K, reserved 1048576K
}
Event: 22.222 GC heap before
{Heap before GC invocations=19 (full 0):
 garbage-first heap   total reserved 2050048K, committed 55296K, used 47895K [0x0000000082e00000, 0x0000000100000000)
  region size 1024K, 17 young (17408K), 2 survivors (2048K)
 Metaspace       used 66311K, committed 67008K, reserved 1114112K
  class space    used 9513K, committed 9792K, reserved 1048576K
}
Event: 22.230 GC heap after
{Heap after GC invocations=20 (full 0):
 garbage-first heap   total reserved 2050048K, committed 55296K, used 32839K [0x0000000082e00000, 0x0000000100000000)
  region size 1024K, 2 young (2048K), 2 survivors (2048K)
 Metaspace       used 66311K, committed 67008K, reserved 1114112K
  class space    used 9513K, committed 9792K, reserved 1048576K
}
Event: 22.771 GC heap before
{Heap before GC invocations=20 (full 0):
 garbage-first heap   total reserved 2050048K, committed 55296K, used 48199K [0x0000000082e00000, 0x0000000100000000)
  region size 1024K, 17 young (17408K), 2 survivors (2048K)
 Metaspace       used 67455K, committed 68160K, reserved 1114112K
  class space    used 9729K, committed 10048K, reserved 1048576K
}
Event: 22.777 GC heap after
{Heap after GC invocations=21 (full 0):
 garbage-first heap   total reserved 2050048K, committed 55296K, used 33099K [0x0000000082e00000, 0x0000000100000000)
  region size 1024K, 2 young (2048K), 2 survivors (2048K)
 Metaspace       used 67455K, committed 68160K, reserved 1114112K
  class space    used 9729K, committed 10048K, reserved 1048576K
}
Event: 23.089 GC heap before
{Heap before GC invocations=22 (full 0):
 garbage-first heap   total reserved 2050048K, committed 56320K, used 48459K [0x0000000082e00000, 0x0000000100000000)
  region size 1024K, 17 young (17408K), 2 survivors (2048K)
 Metaspace       used 67647K, committed 68352K, reserved 1114112K
  class space    used 9760K, committed 10048K, reserved 1048576K
}
Event: 23.094 GC heap after
{Heap after GC invocations=23 (full 0):
 garbage-first heap   total reserved 2050048K, committed 56320K, used 33328K [0x0000000082e00000, 0x0000000100000000)
  region size 1024K, 2 young (2048K), 2 survivors (2048K)
 Metaspace       used 67647K, committed 68352K, reserved 1114112K
  class space    used 9760K, committed 10048K, reserved 1048576K
}
Event: 23.950 GC heap before
{Heap before GC invocations=23 (full 0):
 garbage-first heap   total reserved 2050048K, committed 56320K, used 49712K [0x0000000082e00000, 0x0000000100000000)
  region size 1024K, 18 young (18432K), 2 survivors (2048K)
 Metaspace       used 71176K, committed 71872K, reserved 1114112K
  class space    used 10331K, committed 10624K, reserved 1048576K
}
Event: 23.958 GC heap after
{Heap after GC invocations=24 (full 0):
 garbage-first heap   total reserved 2050048K, committed 56320K, used 34110K [0x0000000082e00000, 0x0000000100000000)
  region size 1024K, 3 young (3072K), 3 survivors (3072K)
 Metaspace       used 71176K, committed 71872K, reserved 1114112K
  class space    used 10331K, committed 10624K, reserved 1048576K
}
Event: 24.511 GC heap before
{Heap before GC invocations=24 (full 0):
 garbage-first heap   total reserved 2050048K, committed 56320K, used 48446K [0x0000000082e00000, 0x0000000100000000)
  region size 1024K, 17 young (17408K), 3 survivors (3072K)
 Metaspace       used 72707K, committed 73408K, reserved 1114112K
  class space    used 10582K, committed 10880K, reserved 1048576K
}

Dll operation events (11 events):
Event: 0.090 Loaded shared library C:\Program Files\Java\jdk-23\bin\java.dll
Event: 0.782 Loaded shared library C:\Program Files\Java\jdk-23\bin\zip.dll
Event: 0.794 Loaded shared library C:\Program Files\Java\jdk-23\bin\instrument.dll
Event: 0.809 Loaded shared library C:\Program Files\Java\jdk-23\bin\net.dll
Event: 0.816 Loaded shared library C:\Program Files\Java\jdk-23\bin\nio.dll
Event: 0.828 Loaded shared library C:\Program Files\Java\jdk-23\bin\zip.dll
Event: 1.045 Loaded shared library C:\Program Files\Java\jdk-23\bin\jimage.dll
Event: 1.411 Loaded shared library C:\Program Files\Java\jdk-23\bin\extnet.dll
Event: 1.449 Loaded shared library C:\Program Files\Java\jdk-23\bin\management.dll
Event: 1.489 Loaded shared library C:\Program Files\Java\jdk-23\bin\management_ext.dll
Event: 6.731 Loaded shared library C:\Program Files\Java\jdk-23\bin\sunmscapi.dll

Deoptimization events (4 events):
Event: 17.986 Thread 0x000001d4e795c4c0 DEOPT PACKING pc=0x000001d499c1eb9c sp=0x000000bf2c3fec20
Event: 17.986 Thread 0x000001d4e795c4c0 DEOPT UNPACKING pc=0x000001d499804b22 sp=0x000000bf2c3fe0b8 mode 0
Event: 22.425 Thread 0x000001d4e801d8b0 DEOPT PACKING pc=0x000001d49a0147dc sp=0x000000bf2cef9150
Event: 22.425 Thread 0x000001d4e801d8b0 DEOPT UNPACKING pc=0x000001d499804b22 sp=0x000000bf2cef85e8 mode 0

Classes loaded (20 events):
Event: 20.919 Loading class java/util/concurrent/CompletionStage
Event: 20.920 Loading class java/util/concurrent/CompletionStage done
Event: 20.921 Loading class java/util/concurrent/CompletableFuture
Event: 20.922 Loading class java/util/concurrent/CompletableFuture done
Event: 20.923 Loading class java/util/concurrent/CompletableFuture$AltResult
Event: 20.923 Loading class java/util/concurrent/CompletableFuture$AltResult done
Event: 20.924 Loading class java/util/concurrent/CompletableFuture$Completion
Event: 20.924 Loading class java/util/concurrent/CompletableFuture$AsynchronousCompletionTask
Event: 20.924 Loading class java/util/concurrent/CompletableFuture$AsynchronousCompletionTask done
Event: 20.924 Loading class java/util/concurrent/CompletableFuture$Completion done
Event: 21.842 Loading class java/util/concurrent/CancellationException
Event: 21.842 Loading class java/util/concurrent/CancellationException done
Event: 22.191 Loading class java/util/AbstractList$SubList
Event: 22.191 Loading class java/util/AbstractList$SubList done
Event: 24.022 Loading class javax/naming/Reference
Event: 24.022 Loading class javax/naming/Reference done
Event: 24.103 Loading class sun/reflect/generics/reflectiveObjects/GenericArrayTypeImpl
Event: 24.103 Loading class sun/reflect/generics/reflectiveObjects/GenericArrayTypeImpl done
Event: 24.424 Loading class java/util/WeakHashMap$KeyIterator
Event: 24.425 Loading class java/util/WeakHashMap$KeyIterator done

Classes unloaded (20 events):
Event: 22.835 Thread 0x000001d4a1c2df50 Unloading class 0x000001d4a30da800 'java/lang/invoke/LambdaForm$MH+0x000001d4a30da800'
Event: 22.835 Thread 0x000001d4a1c2df50 Unloading class 0x000001d4a30da400 'java/lang/invoke/LambdaForm$BMH+0x000001d4a30da400'
Event: 22.835 Thread 0x000001d4a1c2df50 Unloading class 0x000001d4a30d8000 'java/lang/invoke/LambdaForm$MH+0x000001d4a30d8000'
Event: 22.835 Thread 0x000001d4a1c2df50 Unloading class 0x000001d4a30d7400 'java/lang/invoke/LambdaForm$MH+0x000001d4a30d7400'
Event: 22.835 Thread 0x000001d4a1c2df50 Unloading class 0x000001d4a30d7000 'java/lang/invoke/LambdaForm$MH+0x000001d4a30d7000'
Event: 22.835 Thread 0x000001d4a1c2df50 Unloading class 0x000001d4a30d6800 'java/lang/invoke/LambdaForm$MH+0x000001d4a30d6800'
Event: 22.835 Thread 0x000001d4a1c2df50 Unloading class 0x000001d4a30d6400 'java/lang/invoke/LambdaForm$MH+0x000001d4a30d6400'
Event: 22.835 Thread 0x000001d4a1c2df50 Unloading class 0x000001d4a30d6000 'java/lang/invoke/LambdaForm$BMH+0x000001d4a30d6000'
Event: 22.835 Thread 0x000001d4a1c2df50 Unloading class 0x000001d4a30d5c00 'java/lang/invoke/LambdaForm$MH+0x000001d4a30d5c00'
Event: 22.835 Thread 0x000001d4a1c2df50 Unloading class 0x000001d4a30d2000 'java/lang/invoke/LambdaForm$MH+0x000001d4a30d2000'
Event: 22.835 Thread 0x000001d4a1c2df50 Unloading class 0x000001d4a30d0c00 'java/lang/invoke/LambdaForm$MH+0x000001d4a30d0c00'
Event: 22.835 Thread 0x000001d4a1c2df50 Unloading class 0x000001d4a30c0c00 'java/lang/invoke/LambdaForm$DMH+0x000001d4a30c0c00'
Event: 22.835 Thread 0x000001d4a1c2df50 Unloading class 0x000001d4a30c0400 'java/lang/invoke/LambdaForm$DMH+0x000001d4a30c0400'
Event: 22.835 Thread 0x000001d4a1c2df50 Unloading class 0x000001d4a300d400 'java/lang/invoke/LambdaForm$DMH+0x000001d4a300d400'
Event: 22.835 Thread 0x000001d4a1c2df50 Unloading class 0x000001d4a300d000 'java/lang/invoke/LambdaForm$DMH+0x000001d4a300d000'
Event: 22.835 Thread 0x000001d4a1c2df50 Unloading class 0x000001d4a3008400 'java/lang/invoke/LambdaForm$MH+0x000001d4a3008400'
Event: 22.835 Thread 0x000001d4a1c2df50 Unloading class 0x000001d4a3003000 'java/lang/invoke/LambdaForm$MH+0x000001d4a3003000'
Event: 22.835 Thread 0x000001d4a1c2df50 Unloading class 0x000001d4a3002c00 'java/lang/invoke/LambdaForm$MH+0x000001d4a3002c00'
Event: 22.835 Thread 0x000001d4a1c2df50 Unloading class 0x000001d4a3002800 'java/lang/invoke/LambdaForm$MH+0x000001d4a3002800'
Event: 22.835 Thread 0x000001d4a1c2df50 Unloading class 0x000001d4a3002000 'java/lang/invoke/LambdaForm$MH+0x000001d4a3002000'

Classes redefined (0 events):
No events

Internal exceptions (20 events):
Event: 19.327 Thread 0x000001d4e801d8b0 Exception <a 'java/lang/NoSuchMethodError'{0x000000008aa9ace8}: 'int java.lang.invoke.Invokers$Holder.invokeExact_MT(java.lang.Object, java.lang.Object)'> (0x000000008aa9ace8) 
thrown [s\open\src\hotspot\share\interpreter\linkResolver.cpp, line 796]
Event: 19.413 Thread 0x000001d4e82c84d0 Exception <a 'java/io/FileNotFoundException'{0x0000000087575cc0}> (0x0000000087575cc0) 
thrown [s\open\src\hotspot\share\prims\jni.cpp, line 520]
Event: 19.414 Thread 0x000001d4e82c84d0 Exception <a 'java/io/FileNotFoundException'{0x0000000087576f28}> (0x0000000087576f28) 
thrown [s\open\src\hotspot\share\prims\jni.cpp, line 520]
Event: 19.418 Thread 0x000001d4e801d8b0 Exception <a 'java/lang/NoSuchMethodError'{0x000000008747f2e0}: 'java.lang.Object java.lang.invoke.DirectMethodHandle$Holder.newInvokeSpecial(java.lang.Object, java.lang.Object, java.lang.Object, java.lang.Object, java.lang.Object, int, java.lang.Object)'> (0x000000008747f2e0) 
thrown [s\open\src\hotspot\share\interpreter\linkResolver.cpp, line 796]
Event: 20.196 Thread 0x000001d4e801d8b0 Exception <a 'java/lang/NoSuchMethodError'{0x000000008aadafb0}: 'void java.lang.invoke.DirectMethodHandle$Holder.invokeSpecial(java.lang.Object, java.lang.Object, int, java.lang.Object)'> (0x000000008aadafb0) 
thrown [s\open\src\hotspot\share\interpreter\linkResolver.cpp, line 796]
Event: 21.275 Thread 0x000001d4e801d8b0 Exception <a 'java/lang/IncompatibleClassChangeError'{0x000000008576f7a0}: Found class java.lang.Object, but interface was expected> (0x000000008576f7a0) 
thrown [s\open\src\hotspot\share\interpreter\linkResolver.cpp, line 863]
Event: 21.318 Thread 0x000001d4e801d8b0 Exception <a 'java/lang/NoSuchMethodError'{0x00000000856497b0}: 'java.lang.Object java.lang.invoke.DirectMethodHandle$Holder.invokeStaticInit(java.lang.Object, java.lang.Object, int, java.lang.Object)'> (0x00000000856497b0) 
thrown [s\open\src\hotspot\share\interpreter\linkResolver.cpp, line 796]
Event: 23.151 Thread 0x000001d4e801d8b0 Exception <a 'java/lang/NoSuchMethodError'{0x000000008abf1c58}: 'void java.lang.invoke.DirectMethodHandle$Holder.invokeStaticInit(java.lang.Object, int, java.lang.Object, java.lang.Object, java.lang.Object, java.lang.Object)'> (0x000000008abf1c58) 
thrown [s\open\src\hotspot\share\interpreter\linkResolver.cpp, line 796]
Event: 23.164 Thread 0x000001d4e801d8b0 Exception <a 'java/lang/NoSuchMethodError'{0x000000008aa3b818}: 'void java.lang.invoke.DirectMethodHandle$Holder.invokeSpecial(java.lang.Object, java.lang.Object, java.lang.Object, java.lang.Object, java.lang.Object, int, java.lang.Object, java.lang.Object)'> (0x000000008aa3b818) 
thrown [s\open\src\hotspot\share\interpreter\linkResolver.cpp, line 796]
Event: 23.227 Thread 0x000001d4e801d8b0 Exception <a 'java/lang/NoSuchMethodError'{0x0000000087557d48}: 'int java.lang.invoke.DirectMethodHandle$Holder.invokeStatic(java.lang.Object, java.lang.Object, java.lang.Object, java.lang.Object, java.lang.Object, java.lang.Object)'> (0x0000000087557d48) 
thrown [s\open\src\hotspot\share\interpreter\linkResolver.cpp, line 796]
Event: 23.233 Thread 0x000001d4e801d8b0 Exception <a 'java/lang/NoSuchMethodError'{0x000000008756d950}: 'int java.lang.invoke.DirectMethodHandle$Holder.invokeStatic(java.lang.Object, java.lang.Object, java.lang.Object, java.lang.Object, java.lang.Object)'> (0x000000008756d950) 
thrown [s\open\src\hotspot\share\interpreter\linkResolver.cpp, line 796]
Event: 23.310 Thread 0x000001d4e801d8b0 Exception <a 'java/lang/NoSuchMethodError'{0x00000000873424d8}: 'void java.lang.invoke.DirectMethodHandle$Holder.invokeInterface(java.lang.Object, java.lang.Object, int, java.lang.Object)'> (0x00000000873424d8) 
thrown [s\open\src\hotspot\share\interpreter\linkResolver.cpp, line 796]
Event: 23.321 Thread 0x000001d4e801d8b0 Exception <a 'java/lang/NoSuchMethodError'{0x0000000087378e38}: 'java.lang.Object java.lang.invoke.DirectMethodHandle$Holder.newInvokeSpecial(java.lang.Object, java.lang.Object, int, java.lang.Object)'> (0x0000000087378e38) 
thrown [s\open\src\hotspot\share\interpreter\linkResolver.cpp, line 796]
Event: 23.376 Thread 0x000001d4e801d8b0 Exception <a 'java/lang/NoSuchMethodError'{0x00000000872620d8}: 'void java.lang.invoke.DirectMethodHandle$Holder.invokeSpecial(java.lang.Object, java.lang.Object, java.lang.Object, java.lang.Object, java.lang.Object, java.lang.Object, java.lang.Object, java.lang.Object)'> (0x00000000872620d8) 
thrown [s\open\src\hotspot\share\interpreter\linkResolver.cpp, line 796]
Event: 23.478 Thread 0x000001d4e801d8b0 Exception <a 'java/lang/NoSuchMethodError'{0x0000000085d8a428}: 'java.lang.Object java.lang.invoke.Invokers$Holder.linkToTargetMethod(java.lang.Object, java.lang.Object, java.lang.Object, java.lang.Object, java.lang.Object, java.lang.Object, java.lang.Object, java.lang.Object, java.lang.Object, java.lang.Object, java.lang.Object, java.lang.Object)'> (0x0000000085d8a428) 
thrown [s\open\src\hotspot\share\interpreter\linkResolver.cpp, line 796]
Event: 23.528 Thread 0x000001d4e801d8b0 Exception <a 'java/lang/IncompatibleClassChangeError'{0x0000000085c43ec0}: Found class java.lang.Object, but interface was expected> (0x0000000085c43ec0) 
thrown [s\open\src\hotspot\share\interpreter\linkResolver.cpp, line 863]
Event: 23.633 Thread 0x000001d4e801d8b0 Exception <a 'java/lang/IncompatibleClassChangeError'{0x0000000085bd7098}: Found class java.lang.Object, but interface was expected> (0x0000000085bd7098) 
thrown [s\open\src\hotspot\share\interpreter\linkResolver.cpp, line 863]
Event: 23.661 Thread 0x000001d4e801d8b0 Exception <a 'java/lang/NoSuchMethodError'{0x0000000085a63758}: 'java.lang.Object java.lang.invoke.DirectMethodHandle$Holder.newInvokeSpecial(java.lang.Object, java.lang.Object, int, java.lang.Object, int, java.lang.Object, java.lang.Object)'> (0x0000000085a63758) 
thrown [s\open\src\hotspot\share\interpreter\linkResolver.cpp, line 796]
Event: 24.157 Thread 0x000001d4e801d8b0 Exception <a 'java/lang/IncompatibleClassChangeError'{0x00000000871d9540}: Found class java.lang.Object, but interface was expected> (0x00000000871d9540) 
thrown [s\open\src\hotspot\share\interpreter\linkResolver.cpp, line 863]
Event: 24.263 Thread 0x000001d4e801d8b0 Exception <a 'java/lang/IncompatibleClassChangeError'{0x0000000085b08e40}: Found class java.lang.Object, but interface was expected> (0x0000000085b08e40) 
thrown [s\open\src\hotspot\share\interpreter\linkResolver.cpp, line 863]

VM Operations (20 events):
Event: 22.230 Executing VM operation: G1CollectForAllocation (G1 Evacuation Pause) done
Event: 22.425 Executing VM operation: HandshakeAllThreads (Deoptimize)
Event: 22.425 Executing VM operation: HandshakeAllThreads (Deoptimize) done
Event: 22.771 Executing VM operation: G1CollectForAllocation (G1 Evacuation Pause)
Event: 22.777 Executing VM operation: G1CollectForAllocation (G1 Evacuation Pause) done
Event: 22.834 Executing VM operation: G1PauseRemark
Event: 22.845 Executing VM operation: G1PauseRemark done
Event: 22.866 Executing VM operation: G1PauseCleanup
Event: 22.866 Executing VM operation: G1PauseCleanup done
Event: 23.089 Executing VM operation: G1CollectForAllocation (G1 Evacuation Pause)
Event: 23.094 Executing VM operation: G1CollectForAllocation (G1 Evacuation Pause) done
Event: 23.626 Executing VM operation: HandshakeAllThreads (Deoptimize)
Event: 23.626 Executing VM operation: HandshakeAllThreads (Deoptimize) done
Event: 23.739 Executing VM operation: HandshakeAllThreads (Deoptimize)
Event: 23.739 Executing VM operation: HandshakeAllThreads (Deoptimize) done
Event: 23.835 Executing VM operation: HandshakeAllThreads (Deoptimize)
Event: 23.835 Executing VM operation: HandshakeAllThreads (Deoptimize) done
Event: 23.950 Executing VM operation: G1CollectForAllocation (G1 Evacuation Pause)
Event: 23.958 Executing VM operation: G1CollectForAllocation (G1 Evacuation Pause) done
Event: 24.511 Executing VM operation: G1CollectForAllocation (G1 Evacuation Pause)

Memory protections (0 events):
No events

Nmethod flushes (20 events):
Event: 20.837 Thread 0x000001d4a1c2df50 flushing  nmethod 0x000001d499d38a88
Event: 20.837 Thread 0x000001d4a1c2df50 flushing  nmethod 0x000001d499d3a308
Event: 22.843 Thread 0x000001d4a1c2df50 flushing  nmethod 0x000001d499ba7908
Event: 22.843 Thread 0x000001d4a1c2df50 flushing  nmethod 0x000001d499ef4d88
Event: 22.843 Thread 0x000001d4a1c2df50 flushing  nmethod 0x000001d499ef5a08
Event: 22.843 Thread 0x000001d4a1c2df50 flushing  nmethod 0x000001d49a121508
Event: 22.843 Thread 0x000001d4a1c2df50 flushing  nmethod 0x000001d49a21a388
Event: 22.843 Thread 0x000001d4a1c2df50 flushing  nmethod 0x000001d49a21ac88
Event: 22.843 Thread 0x000001d4a1c2df50 flushing  nmethod 0x000001d49a22cf08
Event: 22.843 Thread 0x000001d4a1c2df50 flushing  nmethod 0x000001d49a1f3308
Event: 22.843 Thread 0x000001d4a1c2df50 flushing  nmethod 0x000001d499cff108
Event: 22.843 Thread 0x000001d4a1c2df50 flushing  nmethod 0x000001d49a152608
Event: 22.843 Thread 0x000001d4a1c2df50 flushing  nmethod 0x000001d49a1f9488
Event: 22.843 Thread 0x000001d4a1c2df50 flushing  nmethod 0x000001d49a1f9a88
Event: 22.843 Thread 0x000001d4a1c2df50 flushing  nmethod 0x000001d49a22b708
Event: 22.843 Thread 0x000001d4a1c2df50 flushing  nmethod 0x000001d499c1ea08
Event: 22.843 Thread 0x000001d4a1c2df50 flushing  nmethod 0x000001d499c4da88
Event: 22.843 Thread 0x000001d4a1c2df50 flushing  nmethod 0x000001d499cd6688
Event: 22.843 Thread 0x000001d4a1c2df50 flushing  nmethod 0x000001d49a1e7708
Event: 22.843 Thread 0x000001d4a1c2df50 flushing  nmethod 0x000001d49a20ac88

Events (20 events):
Event: 20.539 Thread 0x000001d4e795c4c0 Thread added: 0x000001d4e82c7e40
Event: 20.545 Thread 0x000001d4e82c7e40 Thread exited: 0x000001d4e82c7e40
Event: 21.048 Thread 0x000001d4e795c4c0 Thread added: 0x000001d4e82c7e40
Event: 21.053 Thread 0x000001d4e82c7e40 Thread exited: 0x000001d4e82c7e40
Event: 21.557 Thread 0x000001d4e795c4c0 Thread added: 0x000001d4e82c7e40
Event: 21.562 Thread 0x000001d4e82c7e40 Thread exited: 0x000001d4e82c7e40
Event: 21.965 Thread 0x000001d4e7df7be0 Thread exited: 0x000001d4e7df7be0
Event: 21.967 Thread 0x000001d4e72fa0f0 Thread exited: 0x000001d4e72fa0f0
Event: 22.065 Thread 0x000001d4e795c4c0 Thread added: 0x000001d4e82c7e40
Event: 22.071 Thread 0x000001d4e82c7e40 Thread exited: 0x000001d4e82c7e40
Event: 22.574 Thread 0x000001d4e795c4c0 Thread added: 0x000001d4e82c7e40
Event: 22.581 Thread 0x000001d4e82c7e40 Thread exited: 0x000001d4e82c7e40
Event: 22.929 Thread 0x000001d4a1c54460 Thread added: 0x000001d4e92f9f90
Event: 22.998 Thread 0x000001d4e70ccd70 Thread added: 0x000001d4e9fe6e90
Event: 23.083 Thread 0x000001d4e795c4c0 Thread added: 0x000001d4e82c91f0
Event: 23.097 Thread 0x000001d4e82c91f0 Thread exited: 0x000001d4e82c91f0
Event: 23.600 Thread 0x000001d4e795c4c0 Thread added: 0x000001d4e82c91f0
Event: 23.609 Thread 0x000001d4e82c91f0 Thread exited: 0x000001d4e82c91f0
Event: 24.112 Thread 0x000001d4e795c4c0 Thread added: 0x000001d4e82c91f0
Event: 24.119 Thread 0x000001d4e82c91f0 Thread exited: 0x000001d4e82c91f0


Dynamic libraries:
0x00007ff786fa0000 - 0x00007ff786fb0000 	C:\Program Files\Java\jdk-23\bin\java.exe
0x00007ffa36840000 - 0x00007ffa36aa6000 	C:\Windows\SYSTEM32\ntdll.dll
0x00007ffa35c00000 - 0x00007ffa35cc9000 	C:\Windows\System32\KERNEL32.DLL
0x00007ffa33d70000 - 0x00007ffa3416a000 	C:\Windows\System32\KERNELBASE.dll
0x00007ffa343b0000 - 0x00007ffa344fc000 	C:\Windows\System32\ucrtbase.dll
0x00007ffa2e9b0000 - 0x00007ffa2e9c7000 	C:\Program Files\Java\jdk-23\bin\jli.dll
0x00007ffa16620000 - 0x00007ffa1663b000 	C:\Program Files\Java\jdk-23\bin\VCRUNTIME140.dll
0x00007ffa35cd0000 - 0x00007ffa35e97000 	C:\Windows\System32\USER32.dll
0x00007ffa16cd0000 - 0x00007ffa16f62000 	C:\Windows\WinSxS\amd64_microsoft.windows.common-controls_6595b64144ccf1df_6.0.26100.8521_none_3e08b75ce33403b3\COMCTL32.dll
0x00007ffa33d40000 - 0x00007ffa33d67000 	C:\Windows\System32\win32u.dll
0x00007ffa36620000 - 0x00007ffa3664b000 	C:\Windows\System32\GDI32.dll
0x00007ffa36570000 - 0x00007ffa36619000 	C:\Windows\System32\msvcrt.dll
0x00007ffa33b60000 - 0x00007ffa33c8b000 	C:\Windows\System32\gdi32full.dll
0x00007ffa33c90000 - 0x00007ffa33d33000 	C:\Windows\System32\msvcp_win.dll
0x00007ffa367c0000 - 0x00007ffa367f2000 	C:\Windows\System32\IMM32.DLL
0x00007ffa1c250000 - 0x00007ffa1c25c000 	C:\Program Files\Java\jdk-23\bin\vcruntime140_1.dll
0x00007ffa020e0000 - 0x00007ffa0216e000 	C:\Program Files\Java\jdk-23\bin\msvcp140.dll
0x00007ff9874c0000 - 0x00007ff988210000 	C:\Program Files\Java\jdk-23\bin\server\jvm.dll
0x00007ffa34c00000 - 0x00007ffa34cb6000 	C:\Windows\System32\ADVAPI32.dll
0x00007ffa362f0000 - 0x00007ffa3639a000 	C:\Windows\System32\sechost.dll
0x00007ffa35ec0000 - 0x00007ffa35fd8000 	C:\Windows\System32\RPCRT4.dll
0x00007ffa36650000 - 0x00007ffa366d0000 	C:\Windows\System32\WS2_32.dll
0x00007ffa33930000 - 0x00007ffa3398e000 	C:\Windows\SYSTEM32\POWRPROF.dll
0x00007ffa1bce0000 - 0x00007ffa1bd16000 	C:\Windows\SYSTEM32\WINMM.dll
0x00007ffa285e0000 - 0x00007ffa285eb000 	C:\Windows\SYSTEM32\VERSION.dll
0x00007ffa33910000 - 0x00007ffa33924000 	C:\Windows\SYSTEM32\UMPDC.dll
0x00007ffa32860000 - 0x00007ffa3287b000 	C:\Windows\SYSTEM32\kernel.appcore.dll
0x00007ffa16750000 - 0x00007ffa1675a000 	C:\Program Files\Java\jdk-23\bin\jimage.dll
0x00007ffa1a020000 - 0x00007ffa1a262000 	C:\Windows\SYSTEM32\DBGHELP.DLL
0x00007ffa34cc0000 - 0x00007ffa35043000 	C:\Windows\System32\combase.dll
0x00007ffa359b0000 - 0x00007ffa35a89000 	C:\Windows\System32\OLEAUT32.dll
0x00007ffa181c0000 - 0x00007ffa181fb000 	C:\Windows\SYSTEM32\dbgcore.DLL
0x00007ffa34500000 - 0x00007ffa345a8000 	C:\Windows\System32\bcryptPrimitives.dll
0x00007ffa16610000 - 0x00007ffa1661f000 	C:\Program Files\Java\jdk-23\bin\instrument.dll
0x00007ffa165f0000 - 0x00007ffa1660e000 	C:\Program Files\Java\jdk-23\bin\java.dll
0x00007ffa35810000 - 0x00007ffa359a8000 	C:\Windows\System32\ole32.dll
0x00007ffa35050000 - 0x00007ffa357d4000 	C:\Windows\System32\SHELL32.dll
0x00007ffa31680000 - 0x00007ffa31f00000 	C:\Windows\SYSTEM32\windows.storage.dll
0x00007ffa35fe0000 - 0x00007ffa360d6000 	C:\Windows\System32\SHCORE.dll
0x00007ffa363a0000 - 0x00007ffa36407000 	C:\Windows\System32\shlwapi.dll
0x00007ffa339f0000 - 0x00007ffa33a19000 	C:\Windows\SYSTEM32\profapi.dll
0x00007ffa0a7c0000 - 0x00007ffa0a7d7000 	C:\Program Files\Java\jdk-23\bin\zip.dll
0x00007ffa165e0000 - 0x00007ffa165f0000 	C:\Program Files\Java\jdk-23\bin\net.dll
0x00007ffa32dd0000 - 0x00007ffa32e3c000 	C:\Windows\system32\mswsock.dll
0x00007ffa056e0000 - 0x00007ffa056f6000 	C:\Program Files\Java\jdk-23\bin\nio.dll
0x00007ffa32300000 - 0x00007ffa3244a000 	C:\Windows\SYSTEM32\DNSAPI.dll
0x00007ffa32bd0000 - 0x00007ffa32bdd000 	C:\Windows\SYSTEM32\DSPARSE.dll
0x00007ffa322c0000 - 0x00007ffa322f3000 	C:\Windows\SYSTEM32\IPHLPAPI.DLL
0x00007ffa35ea0000 - 0x00007ffa35eaa000 	C:\Windows\System32\NSI.dll
0x00007ffa16250000 - 0x00007ffa16259000 	C:\Program Files\Java\jdk-23\bin\extnet.dll
0x00007ffa1a270000 - 0x00007ffa1a27b000 	C:\Windows\System32\rasadhlp.dll
0x00007ffa27300000 - 0x00007ffa27386000 	C:\Windows\System32\fwpuclnt.dll
0x00007ffa0b1c0000 - 0x00007ffa0b1ca000 	C:\Program Files\Java\jdk-23\bin\management.dll
0x00007ffa0a7b0000 - 0x00007ffa0a7bb000 	C:\Program Files\Java\jdk-23\bin\management_ext.dll
0x00007ffa35800000 - 0x00007ffa35808000 	C:\Windows\System32\PSAPI.DLL
0x00007ffa330b0000 - 0x00007ffa330cb000 	C:\Windows\SYSTEM32\CRYPTSP.dll
0x00007ffa327a0000 - 0x00007ffa327d9000 	C:\Windows\system32\rsaenh.dll
0x00007ffa32e80000 - 0x00007ffa32eb3000 	C:\Windows\SYSTEM32\USERENV.dll
0x00007ffa339c0000 - 0x00007ffa339ea000 	C:\Windows\SYSTEM32\bcrypt.dll
0x00007ffa330d0000 - 0x00007ffa330dc000 	C:\Windows\SYSTEM32\CRYPTBASE.dll
0x00007ff9f2bd0000 - 0x00007ff9f2be8000 	C:\Windows\system32\napinsp.dll
0x00007ff9f28c0000 - 0x00007ff9f28d3000 	C:\Windows\System32\winrnr.dll
0x00007ff9f2bf0000 - 0x00007ff9f2c12000 	C:\Windows\system32\nlansp_c.dll
0x00007ffa0b150000 - 0x00007ffa0b166000 	C:\Windows\system32\wshbth.dll
0x00007ffa029f0000 - 0x00007ffa02a48000 	C:\Windows\SYSTEM32\pdh.dll
0x00007ffa02f10000 - 0x00007ffa02f22000 	C:\Windows\System32\perfproc.dll
0x00007ffa02380000 - 0x00007ffa02391000 	C:\Windows\System32\perfos.dll
0x00007ffa2ec20000 - 0x00007ffa2ec32000 	C:\Windows\SYSTEM32\pfclient.dll
0x00007ffa0a2d0000 - 0x00007ffa0a2de000 	C:\Program Files\Java\jdk-23\bin\sunmscapi.dll
0x00007ffa34230000 - 0x00007ffa343a8000 	C:\Windows\System32\CRYPT32.dll
0x00007ffa332d0000 - 0x00007ffa33300000 	C:\Windows\SYSTEM32\ncrypt.dll
0x00007ffa33280000 - 0x00007ffa332bf000 	C:\Windows\SYSTEM32\NTASN1.dll

dbghelp: loaded successfully - version: 4.0.5 - missing functions: none
symbol engine: initialized successfully - sym options: 0x614 - pdb path: .;C:\Program Files\Java\jdk-23\bin;C:\Windows\SYSTEM32;C:\Windows\WinSxS\amd64_microsoft.windows.common-controls_6595b64144ccf1df_6.0.26100.8521_none_3e08b75ce33403b3;C:\Program Files\Java\jdk-23\bin\server

VM Arguments:
jvm_args: -XX:TieredStopAtLevel=1 -Dspring.output.ansi.enabled=always -Dcom.sun.management.jmxremote -Dspring.jmx.enabled=true -Dspring.liveBeansView.mbeanDomain -Dspring.application.admin.enabled=true -Dmanagement.endpoints.jmx.exposure.include=* -javaagent:C:\Program Files\JetBrains\IntelliJ IDEA 2024.3.7\lib\idea_rt.jar=54466 -Dfile.encoding=UTF-8 -Dsun.stdout.encoding=UTF-8 -Dsun.stderr.encoding=UTF-8 
java_command: org.example.datn_sd69.DatnSd69Application
java_class_path (initial): C:\Users\trung\GitHub\dominus_ecommercial\Backend\target\classes;C:\Users\trung\.m2\repository\org\springframework\boot\spring-boot-starter-validation\4.0.6\spring-boot-starter-validation-4.0.6.jar;C:\Users\trung\.m2\repository\org\springframework\boot\spring-boot-starter\4.0.6\spring-boot-starter-4.0.6.jar;C:\Users\trung\.m2\repository\org\springframework\boot\spring-boot-starter-logging\4.0.6\spring-boot-starter-logging-4.0.6.jar;C:\Users\trung\.m2\repository\ch\qos\logback\logback-classic\1.5.32\logback-classic-1.5.32.jar;C:\Users\trung\.m2\repository\ch\qos\logback\logback-core\1.5.32\logback-core-1.5.32.jar;C:\Users\trung\.m2\repository\org\apache\logging\log4j\log4j-to-slf4j\2.25.4\log4j-to-slf4j-2.25.4.jar;C:\Users\trung\.m2\repository\org\apache\logging\log4j\log4j-api\2.25.4\log4j-api-2.25.4.jar;C:\Users\trung\.m2\repository\org\slf4j\jul-to-slf4j\2.0.17\jul-to-slf4j-2.0.17.jar;C:\Users\trung\.m2\repository\jakarta\annotation\jakarta.annotation-api\3.0.0\jakarta.annotation-api-3.0.0.jar;C:\Users\trung\.m2\repository\org\yaml\snakeyaml\2.5\snakeyaml-2.5.jar;C:\Users\trung\.m2\repository\org\springframework\boot\spring-boot-validation\4.0.6\spring-boot-validation-4.0.6.jar;C:\Users\trung\.m2\repository\org\apache\tomcat\embed\tomcat-embed-el\11.0.21\tomcat-embed-el-11.0.21.jar;C:\Users\trung\.m2\repository\org\hibernate\validator\hibernate-validator\9.0.1.Final\hibernate-validator-9.0.1.Final.jar;C:\Users\trung\.m2\repository\jakarta\validation\jakarta.validation-api\3.1.1\jakarta.validation-api-3.1.1.jar;C:\Users\trung\.m2\repository\org\jboss\logging\jboss-logging\3.6.3.Final\jboss-logging-3.6.3.Final.jar;C:\Users\trung\.m2\repository\com\fasterxml\classmate\1.7.3\classmate-1.7.3.jar;C:\Users\trung\.m2\repository\org\springframework\boot\spring-boot-starter-security\4.0.6\spring-boot-starter-security-4.0.6.jar;C:\Users\trung\.m2\repository\org\springframework\boot\spring-boot-security\4.0.6\spring-boot-security-4.0.6.jar;C:\Users\trung\.m2\repository\org\springframework\security\spring-security-config\7.0.5\spring-security-config-7.0.5.jar;C:\Users\trung\.m2\repository\org\springframework\security\spring-security-core\7.0.5\spring-security-core-7.0.5.jar;C:\Users\trung\.m2\repository\org\springframework\security\spring-security-crypto\7.0.5\spring-security-crypto-7.0.5.jar;C:\Users\trung\.m2\repository\org\springframework\security\spring-security-web\7.0.5\spring-security-web-7.0.5.jar;C:\Users\trung\.m2\repository\org\springframework\spring-expression\7.0.7\spring-expression-7.0.7.jar;C:\Users\trung\.m2\repository\org\springframework\spring-aop\7.0.7\spring-aop-7.0.7.jar;C:\Users\trung\.m2\repository\org\springframework\spring-beans\7.0.7\spring-beans-7.0.7.jar;C:\Users\trung\.m2\repository\io\jsonwebtoken\jjwt-api\0.12.5\jjwt-api-0.12.5.jar;C:\Users\trung\.m2\repository\io\jsonwebtoken\jjwt-impl\0.12.5\jjwt-impl-0.12.5.jar;C:\Users\trung\.m2\repository\io\jsonwebtoken\jjwt-jackson\0.12.5\jjwt-jackson-0.12.5.jar;C:\Users\trung\.m2\repository\com\fasterxml\jackson\core\jackson-databind\2.21.2\jackson-databind-2.21.2.jar;C:\Users\trung\.m2\repository\com\fasterxml\jackson\core\jackson-annotations\2.21\jackson-annotations-2.21.jar;C:\Users\trung\.m2\repository\com\fasterxml\jackson\core\jackson-core\2.21.2\jackson-core-2.21.2.jar;C:\Users\trung\.m2\repository\org\springframework\boot\spring-boot-starter-web\4.0.6\spring-boot-starter-web-4.0.6.jar;C:\Users\trung\.m2\repository\org\springframework\boot\spring-boot-starter-jackson\4.0.6\spring-boot-starter-jackson-4.0.6.jar;C:\Users\trung\.m2\repository\org\springframework\boot\spring-boot-jackson\4.0.6\spring-boot-jackson-4.0.6.jar;C:\Users\trung\.m2\repository\tools\jackson\core\jackson-databind\3.1.2\jackson-databind-3.1.2.jar;C:\Users\trung\.m2\repository\tools\jackson\core\jackson-core\3.1.2\jackson-core-3.1.2.jar;C:\Users\trung\.m2\repository\org\springframework\boot\spring-boot-starter-tomcat\4.0.6\spring-boot-starter-tomcat-4.0.6.jar;C:\Users\trung\.m2\repository\org\springframework\boot\spring-boot-starter-tomcat-runtime\4.0.6\spring-boot-starter-tomcat-runtime-4.0.6.jar;C:\Users\trung\.m2\repository\org\springframework\boot\spring-boot-web-server\4.0.6\spring-boot-web-server-4.0.6.jar;C:\Users\trung\.m2\repository\org\apache\tomcat\embed\tomcat-embed-core\11.0.21\tomcat-embed-core-11.0.21.jar;C:\Users\trung\.m2\repository\org\apache\tomcat\embed\tomcat-embed-websocket\11.0.21\tomcat-embed-websocket-11.0.21.jar;C:\Users\trung\.m2\repository\org\springframework\boot\spring-boot-tomcat\4.0.6\spring-boot-tomcat-4.0.6.jar;C:\Users\trung\.m2\repository\org\springframework\boot\spring-boot-http-converter\4.0.6\spring-boot-http-converter-4.0.6.jar;C:\Users\trung\.m2\repository\org\springframework\spring-web\7.0.7\spring-web-7.0.7.jar;C:\Users\trung\.m2\repository\io\micrometer\micrometer-observation\1.16.5\micrometer-observation-1.16.5.jar;C:\Users\trung\.m2\repository\io\micrometer\micrometer-commons\1.16.5\micrometer-commons-1.16.5.jar;C:\Users\trung\.m2\repository\org\springframework\boot\spring-boot-webmvc\4.0.6\spring-boot-webmvc-4.0.6.jar;C:\Users\trung\.m2\repository\org\springframework\boot\spring-boot-servlet\4.0.6\spring-boot-servlet-4.0.6.jar;C:\Users\trung\.m2\repository\org\springframework\spring-webmvc\7.0.7\spring-webmvc-7.0.7.jar;C:\Users\trung\.m2\repository\org\springframework\boot\spring-boot-starter-data-jpa\4.0.6\spring-boot-starter-data-jpa-4.0.6.jar;C:\Users\trung\.m2\repository\org\springframework\boot\spring-boot-starter-jdbc\4.0.6\spring-boot-starter-jdbc-4.0.6.jar;C:\Users\trung\.m2\repository\com\zaxxer\HikariCP\7.0.2\HikariCP-7.0.2.jar;C:\Users\trung\.m2\repository\org\springframework\boot\spring-boot-data-jpa\4.0.6\spring-boot-data-jpa-4.0.6.jar;C:\Users\trung\.m2\repository\org\springframework\boot\spring-boot-data-commons\4.0.6\spring-boot-data-commons-4.0.6.jar;C:\Users\trung\.m2\repository\org\springframework\boot\spring-boot-persistence\4.0.6\spring-boot-persistence-4.0.6.jar;C:\Users\trung\.m2\repository\org\springframework\data\spring-data-commons\4.0.5\spring-data-commons-4.0.5.jar;C:\Users\trung\.m2\repository\org\springframework\boot\spring-boot-hibernate\4.0.6\spring-boot-hibernate-4.0.6.jar;C:\Users\trung\.m2\repository\org\springframework\boot\spring-boot-jpa\4.0.6\spring-boot-jpa-4.0.6.jar;C:\Users\trung\.m2\repository\jakarta\persistence\jakarta.persistence-api\3.2.0\jakarta.persistence-api-3.2.0.jar;C:\Users\trung\.m2\repository\org\hibernate\orm\hibernate-core\7.2.12.Final\hibernate-core-7.2.12.Final.jar;C:\Users\trung\.m2\repository\jakarta\transaction\jakarta.transaction-api\2.0.1\jakarta.transaction-api-2.0.1.jar;C:\Users\trung\.m2\repository\org\hibernate\models\hibernate-models\1.0.1\hibernate-models-1.0.1.jar;C:\Users\trung\.m2\repository\org\glassfish\jaxb\jaxb-runtime\4.0.6\jaxb-runtime-4.0.6.jar;C:\Users\trung\.m2\repository\org\glassfish\jaxb\jaxb-core\4.0.6\jaxb-core-4.0.6.jar;C:\Users\trung\.m2\repository\org\eclipse\angus\angus-activation\2.0.3\angus-activation-2.0.3.jar;C:\Users\trung\.m2\repository\org\glassfish\jaxb\txw2\4.0.6\txw2-4.0.6.jar;C:\Users\trung\.m2\repository\com\sun\istack\istack-commons-runtime\4.1.2\istack-commons-runtime-4.1.2.jar;C:\Users\trung\.m2\repository\jakarta\inject\jakarta.inject-api\2.0.1\jakarta.inject-api-2.0.1.jar;C:\Users\trung\.m2\repository\org\springframework\spring-orm\7.0.7\spring-orm-7.0.7.jar;C:\Users\trung\.m2\repository\org\springframework\data\spring-data-jpa\4.0.5\spring-data-jpa-4.0.5.jar;C:\Users\trung\.m2\repository\org\springframework\spring-tx\7.0.7\spring-tx-7.0.7.jar;C:\Users\trung\.m2\repository\org\antlr\antlr4-runtime\4.13.2\antlr4-runtime-4.13.2.jar;C:\Users\trung\.m2\repository\org\springframework\spring-aspects\7.0.7\spring-aspects-7.0.7.jar;C:\Users\trung\.m2\repository\org\aspectj\aspectjweaver\1.9.25.1\aspectjweaver-1.9.25.1.jar;C:\Users\trung\.m2\repository\org\springframework\boot\spring-boot-jdbc\4.0.6\spring-boot-jdbc-4.0.6.jar;C:\Users\trung\.m2\repository\org\springframework\boot\spring-boot-sql\4.0.6\spring-boot-sql-4.0.6.jar;C:\Users\trung\.m2\repository\org\springframework\boot\spring-boot-transaction\4.0.6\spring-boot-transaction-4.0.6.jar;C:\Users\trung\.m2\repository\org\springframework\spring-jdbc\7.0.7\spring-jdbc-7.0.7.jar;C:\Users\trung\.m2\repository\com\microsoft\sqlserver\mssql-jdbc\13.2.1.jre11\mssql-jdbc-13.2.1.jre11.jar;C:\Users\trung\.m2\repository\org\springframework\boot\spring-boot-devtools\4.0.6\spring-boot-devtools-4.0.6.jar;C:\Users\trung\.m2\repository\org\springframework\boot\spring-boot\4.0.6\spring-boot-4.0.6.jar;C:\Users\trung\.m2\repository\org\springframework\spring-context\7.0.7\spring-context-7.0.7.jar;C:\Users\trung\.m2\repository\org\springframework\boot\spring-boot-autoconfigure\4.0.6\spring-boot-autoconfigure-4.0.6.jar;C:\Users\trung\.m2\repository\org\projectlombok\lombok\1.18.46\lombok-1.18.46.jar;C:\Users\trung\.m2\repository\com\cloudinary\cloudinary-http44\1.36.0\cloudinary-http44-1.36.0.jar;C:\Users\trung\.m2\repository\com\cloudinary\cloudinary-core\1.36.0\cloudinary-core-1.36.0.jar;C:\Users\trung\.m2\repository\org\apache\commons\commons-lang3\3.19.0\commons-lang3-3.19.0.jar;C:\Users\trung\.m2\repository\org\apache\httpcomponents\httpclient\4.4\httpclient-4.4.jar;C:\Users\trung\.m2\repository\org\apache\httpcomponents\httpcore\4.4.16\httpcore-4.4.16.jar;C:\Users\trung\.m2\repository\commons-logging\commons-logging\1.3.6\commons-logging-1.3.6.jar;C:\Users\trung\.m2\repository\commons-codec\commons-codec\1.19.0\commons-codec-1.19.0.jar;C:\Users\trung\.m2\repository\org\apache\httpcomponents\httpmime\4.4\httpmime-4.4.jar;C:\Users\trung\.m2\repository\org\slf4j\slf4j-api\2.0.17\slf4j-api-2.0.17.jar;C:\Users\trung\.m2\repository\jakarta\xml\bind\jakarta.xml.bind-api\4.0.4\jakarta.xml.bind-api-4.0.4.jar;C:\Users\trung\.m2\repository\jakarta\activation\jakarta.activation-api\2.1.4\jakarta.activation-api-2.1.4.jar;C:\Users\trung\.m2\repository\net\bytebuddy\byte-buddy\1.17.8\byte-buddy-1.17.8.jar;C:\Users\trung\.m2\repository\org\springframework\spring-core\7.0.7\spring-core-7.0.7.jar;C:\Users\trung\.m2\repository\org\jspecify\jspecify\1.0.0\jspecify-1.0.0.jar;C:\Users\trung\.m2\repository\org\modelmapper\modelmapper\3.2.0\modelmapper-3.2.0.jar
Launcher Type: SUN_STANDARD

[Global flags]
     intx CICompilerCount                          = 4                                         {product} {ergonomic}
     uint ConcGCThreads                            = 2                                         {product} {ergonomic}
     uint G1ConcRefinementThreads                  = 8                                         {product} {ergonomic}
   size_t G1HeapRegionSize                         = 1048576                                   {product} {ergonomic}
   size_t InitialHeapSize                          = 132120576                                 {product} {ergonomic}
     bool ManagementServer                         = true                                      {product} {command line}
   size_t MarkStackSize                            = 4194304                                   {product} {ergonomic}
   size_t MarkStackSizeMax                         = 536870912                                 {product} {ergonomic}
   size_t MaxHeapSize                              = 2099249152                                {product} {ergonomic}
   size_t MaxNewSize                               = 1259339776                                {product} {ergonomic}
   size_t MinHeapDeltaBytes                        = 1048576                                   {product} {ergonomic}
   size_t MinHeapSize                              = 8388608                                   {product} {ergonomic}
    uintx NonNMethodCodeHeapSize                   = 4096                                   {pd product} {ergonomic}
    uintx NonProfiledCodeHeapSize                  = 0                                      {pd product} {ergonomic}
     bool ProfileInterpreter                       = false                                  {pd product} {command line}
    uintx ProfiledCodeHeapSize                     = 0                                      {pd product} {ergonomic}
   size_t SoftMaxHeapSize                          = 2099249152                             {manageable} {ergonomic}
     intx TieredStopAtLevel                        = 1                                         {product} {command line}
     bool UseCompressedOops                        = true                           {product lp64_product} {ergonomic}
     bool UseG1GC                                  = true                                      {product} {ergonomic}
     bool UseLargePagesIndividualAllocation        = false                                  {pd product} {ergonomic}

Logging:
Log output configuration:
 #0: stdout all=warning uptime,level,tags foldmultilines=false
 #1: stderr all=off uptime,level,tags foldmultilines=false

Environment Variables:
JAVA_HOME=C:\Program Files\Java\jdk-23
PATH=C:\Program Files\Common Files\Oracle\Java\javapath;C:\Windows\system32;C:\Windows;C:\Windows\System32\Wbem;C:\Windows\System32\WindowsPowerShell\v1.0\;C:\Windows\System32\OpenSSH\;C:\Program Files (x86)\Microsoft SQL Server\160\Tools\Binn\;C:\Program Files\Microsoft SQL Server\160\Tools\Binn\;C:\Program Files\Microsoft SQL Server\Client SDK\ODBC\170\Tools\Binn\;C:\Program Files\Microsoft SQL Server\160\DTS\Binn\;C:\Program Files (x86)\Microsoft SQL Server\160\DTS\Binn\;C:\Program Files\Java\jdk-23;C:\Program Files\Java\jdk-23\bin;C:\Program Files\nodejs\;C:\ProgramData\chocolatey\bin;C:\Program Files\Git\cmd;C:\Users\trung\AppData\Local\Microsoft\WindowsApps;C:\Users\trung\AppData\Local\Programs\Azure Data Studio\bin;C:\Users\trung\AppData\Local\GitHubDesktop\bin;C:\Users\trung\AppData\Local\Programs\Microsoft VS Code\bin;C:\Program Files\JetBrains\DataGrip 2025.1.3\bin;;C:\Users\trung\AppData\Roaming\npm;C:\Program Files\JetBrains\IntelliJ IDEA 2024.3.7\bin;
USERNAME=trung
OS=Windows_NT
PROCESSOR_IDENTIFIER=Intel64 Family 6 Model 142 Stepping 12, GenuineIntel
TMP=C:\Users\trung\AppData\Local\Temp
TEMP=C:\Users\trung\AppData\Local\Temp




Periodic native trim disabled

---------------  S Y S T E M  ---------------

OS:
 Windows 11 , 64 bit Build 26100 (10.0.26100.8521)
OS uptime: 0 days 17:53 hours
Hyper-V role detected

CPU: total 8 (initial active 8) (4 cores per cpu, 2 threads per core) family 6 model 142 stepping 12 microcode 0x100, cx8, cmov, fxsr, ht, mmx, 3dnowpref, sse, sse2, sse3, ssse3, sse4.1, sse4.2, popcnt, lzcnt, tsc, tscinvbit, avx, avx2, aes, erms, clmul, bmi1, bmi2, adx, fma, vzeroupper, clflush, clflushopt, hv, rdtscp, f16c
Processor Information for the first 8 processors :
  Max Mhz: 1800, Current Mhz: 1600, Mhz Limit: 1584

Memory: 4k page, system-wide physical 8006M (751M free)
TotalPageFile size 18445M (AvailPageFile size 14M)
current process WorkingSet (physical memory assigned to process): 235M, peak: 235M
current process commit charge ("private bytes"): 273M, peak: 283M

vm_info: Java HotSpot(TM) 64-Bit Server VM (23.0.2+7-58) for windows-amd64 JRE (23.0.2+7-58), built on 2024-11-29T09:34:55Z with MS VC++ 17.6 (VS2022)

END.
